CADE   ES   28.160600   -16.742000    794.0  2017-01-01 00:00:00.0  2599-12-31 23:59:59.0  CADE
CBLA   ES   29.033900   -13.703000    268.0  2018-08-01 00:00:00.0  2599-12-31 23:59:59.0  CBLA
CBOL   ES   28.314400   -16.830000   1160.0  2014-01-01 00:00:00.0  2599-12-31 23:59:59.0  CBOL
CBRE   ES   28.627500   -17.791000    575.0  2017-10-01 00:00:00.0  2599-12-31 23:59:59.0  CBRE
CCAL   ES   27.713300   -18.147000    159.0  2015-01-01 00:00:00.0  2599-12-31 23:59:59.0  CCAL
CCAN   ES   28.221600   -16.605000   2210.0  1989-01-01 00:00:00.0  2599-12-31 23:59:59.0  CCAN
CCHO   ES   28.225200   -16.673000   2064.0  2016-10-10 00:00:00.0  2599-12-31 23:59:59.0  CCHO
CCUM   ES   27.745900   -18.030000    471.0  2011-01-01 00:00:00.0  2599-12-31 23:59:59.0  CCUM
CDIE   ES   28.285000   -16.559000   2103.0  2018-01-01 00:00:00.0  2599-12-31 23:59:59.0  CDIE
CDOS   ES   28.294100   -16.739000   1626.0  2017-01-01 00:00:00.0  2599-12-31 23:59:59.0  CDOS
CENR   ES   28.625700   -17.845000   1212.0  2017-10-01 00:00:00.0  2599-12-31 23:59:59.0  CENR
CFAR   ES   27.726800   -18.140000    482.0  2011-07-20 00:00:00.0  2011-08-30 23:59:59.0  CFAR
CFLP   ES   28.497200   -17.843000    781.0  2017-10-01 00:00:00.0  2019-04-01 23:59:59.0  CFLP
CFOR   ES   28.314000   -16.593000   2110.0  2008-01-01 00:00:00.0  2599-12-31 23:59:59.0  CFOR
CFTV   ES   28.413800   -14.083000    526.0  1989-01-01 00:00:00.0  2599-12-31 23:59:59.0  CFTV
CFUE   ES   28.646800   -13.935000    164.0  2004-11-01 00:00:00.0  2599-12-31 23:59:59.0  CFUE
CGIN   ES   28.206100   -14.083000     86.0  2015-01-01 00:00:00.0  2599-12-31 23:59:59.0  CGIN
CGOR   ES   28.778800   -17.994000    486.0  2017-10-01 00:00:00.0  2599-12-31 23:59:59.0  CGOR
CGRA   ES   28.101500   -16.534000    276.0  2017-01-01 00:00:00.0  2599-12-31 23:59:59.0  CGRA
CGUI   ES   28.322300   -16.442000    853.0  2013-01-01 00:00:00.0  2599-12-31 23:59:59.0  CGUI
CHIE   ES   27.727000   -17.960000    170.0  1989-01-01 00:00:00.0  2015-01-01 23:59:59.0  CHIE
CHIO   ES   28.239800   -16.816000    430.0  2004-05-01 00:00:00.0  2008-01-01 23:59:59.0  CHIO
CICO   ES   28.349000   -16.724000    772.0  2004-05-01 00:00:00.0  2008-01-01 23:59:59.0  CICO
CJED   ES   28.579200   -17.870000    874.0  2017-01-01 00:00:00.0  2599-12-31 23:59:59.0  CJED
CJUL   ES   27.729600   -18.082000   1271.0  2011-01-01 00:00:00.0  2599-12-31 23:59:59.0  CJUL
CLAJ   ES   28.155700   -16.675000   1405.0  2019-03-08 00:00:00.0  2599-12-31 23:59:59.0  CLAJ
CLLA   ES   28.616700   -17.909000    309.0  2017-10-01 00:00:00.0  2019-01-01 23:59:59.0  CLLA
CLOB   ES   28.734900   -13.814000     20.0  2015-10-10 00:00:00.0  2017-10-01 23:59:59.0  CLOB
CLUM   ES   27.818200   -15.650000    435.0  2018-10-09 00:00:00.0  2599-12-31 23:59:59.0  CLUM
CMCL   ES   27.712600   -18.019000   1108.0  2011-01-01 00:00:00.0  2599-12-31 23:59:59.0  CMCL
CMIR   ES   28.697500   -17.862000   1355.0  2017-10-01 00:00:00.0  2599-12-31 23:59:59.0  CMIR
CNAO   ES   27.647000   -17.988000    115.0  2015-01-01 00:00:00.0  2599-12-31 23:59:59.0  CNAO
CNOR   ES   28.313400   -16.659000   1526.0  2016-10-04 00:00:00.0  2599-12-31 23:59:59.0  CNOR
CORC   ES   27.704000   -18.141000     90.0  2011-09-10 00:00:00.0  2015-01-01 23:59:59.0  CORC
CPUN   ES   28.734800   -17.755000    577.0  2017-01-01 00:00:00.0  2599-12-31 23:59:59.0  CPUN
CPVI   ES   28.261900   -16.660000   3104.0  2018-11-27 00:00:00.0  2599-12-31 23:59:59.0  CPVI
CRAJ   ES   28.264900   -16.596000   2474.0  2004-01-01 00:00:00.0  2599-12-31 23:59:59.0  CRAJ
CREA   ES   28.352900   -16.580000    930.0  2017-01-01 00:00:00.0  2599-12-31 23:59:59.0  CREA
CROM   ES   28.755600   -17.895000   2268.0  2017-10-01 00:00:00.0  2599-12-31 23:59:59.0  CROM
CROQ   ES   28.290300   -16.680000   2001.0  2009-01-01 00:00:00.0  2011-01-01 23:59:59.0  CROQ
CRST   ES   27.642200   -17.979000     29.0  2011-09-10 00:00:00.0  2015-01-01 23:59:59.0  CRST
CTAB   ES   27.749600   -18.085000    141.0  2011-01-01 00:00:00.0  2599-12-31 23:59:59.0  CTAB
CTAC   ES   27.674800   -18.020000    187.0  2018-07-01 00:00:00.0  2599-12-31 23:59:59.0  CTAC
CTAM   ES   27.837400   -17.953000     90.0  2011-07-20 00:00:00.0  2011-08-07 23:59:59.0  CTAM
CTAN   ES   27.754300   -18.054000    185.0  2011-01-01 00:00:00.0  2599-12-31 23:59:59.0  CTAN
CTEN   ES   28.482200   -17.837000    453.0  2017-01-01 00:00:00.0  2599-12-31 23:59:59.0  CTEN
CTFS   ES   28.084800   -16.633000    525.0  2017-10-01 00:00:00.0  2599-12-31 23:59:59.0  CTFS
CTIG   ES   27.788200   -17.922000    490.0  2008-01-01 00:00:00.0  2599-12-31 23:59:59.0  CTIG
CVIE   ES   28.590900   -17.822000   1505.0  2017-10-01 00:00:00.0  2599-12-31 23:59:59.0  CVIE
CVIL   ES   28.159300   -16.642000   1488.0  2016-10-04 00:00:00.0  2599-12-31 23:59:59.0  CVIL
EBAJ   ES   28.539900   -16.343000    239.0  2000-01-01 00:00:00.0  2599-12-31 23:59:59.0  EBAJ
EFAM   ES   29.127500   -13.529000    135.0  2000-01-01 00:00:00.0  2599-12-31 23:59:59.0  EFAM
EGOM   ES   28.159400   -17.209000    782.0  2000-01-01 00:00:00.0  2599-12-31 23:59:59.0  EGOM
EHIG   ES   28.556700   -17.806000    845.0  2000-01-01 00:00:00.0  2599-12-31 23:59:59.0  EHIG
EOSO   ES   28.071800   -15.552000    760.0  2002-01-01 00:00:00.0  2599-12-31 23:59:59.0  EOSO
GGC    ES   28.119700   -15.636000    538.0  1989-01-01 00:00:00.0  2599-12-31 23:59:59.0  GGC
GUIA   ES   28.247400   -16.721000   1821.0  2008-01-01 00:00:00.0  2599-12-31 23:59:59.0  GUIA
MACI   IU   28.250200   -16.508000   1591.0  2008-01-01 00:00:00.0  2599-12-31 23:59:59.0  MACI
TBT    ES   28.679400   -17.914000    208.0  1989-01-01 00:00:00.0  2599-12-31 23:59:59.0  TBT
TV001  XY   28.273116   -16.817121    686.0  2007-01-01 00:00:00.0  2007-01-31 23:59:59.0  TV001
TV002  XY   28.271187   -16.803337    967.0  2007-01-01 00:00:00.0  2007-01-31 23:59:59.0  TV002
TV003  XY   28.270738   -16.786673   1178.0  2007-01-01 00:00:00.0  2007-01-31 23:59:59.0  TV003
TV004  XY   28.272357   -16.768342   1376.0  2007-01-01 00:00:00.0  2007-01-31 23:59:59.0  TV004
TV005  XY   28.255649   -16.748334   1522.0  2007-01-01 00:00:00.0  2007-01-31 23:59:59.0  TV005
TV006  XY   28.270700   -16.735002   1758.0  2007-01-01 00:00:00.0  2007-01-31 23:59:59.0  TV006
TV007  XY   28.269043   -16.723334   1900.0  2007-01-01 00:00:00.0  2007-01-31 23:59:59.0  TV007
TV008  XY   28.302997   -16.731671   1574.0  2007-01-01 00:00:00.0  2007-01-31 23:59:59.0  TV008
TV009  XY   28.311584   -16.847611    739.0  2007-01-01 00:00:00.0  2007-01-31 23:59:59.0  TV009
TV010  XY   28.309921   -16.798463   1103.0  2007-01-01 00:00:00.0  2007-01-31 23:59:59.0  TV010
TV011  XY   28.331628   -16.842196    712.0  2007-01-01 00:00:00.0  2007-01-31 23:59:59.0  TV011
TV012  XY   28.360915   -16.791834    485.0  2007-01-01 00:00:00.0  2007-01-31 23:59:59.0  TV012
TV013  XY   28.327694   -16.762220   1128.0  2007-01-01 00:00:00.0  2007-01-31 23:59:59.0  TV013
TV014  XY   28.332637   -16.739863   1119.0  2007-01-01 00:00:00.0  2007-01-31 23:59:59.0  TV014
TV015  XY   28.342137   -16.653058   1054.0  2007-01-01 00:00:00.0  2007-01-31 23:59:59.0  TV015
TV016  XY   28.102625   -16.591662    538.0  2007-01-01 00:00:00.0  2007-01-31 23:59:59.0  TV016
TV017  XY   28.273111   -16.817508    680.0  2007-01-01 00:00:00.0  2007-01-31 23:59:59.0  TV017
TV018  XY   28.354062   -16.625004   1072.0  2007-01-01 00:00:00.0  2007-01-31 23:59:59.0  TV018
TV019  XY   28.170654   -16.724922   1105.0  2007-01-01 00:00:00.0  2007-01-31 23:59:59.0  TV019
TV020  XY   28.319586   -16.626672   1667.0  2007-01-01 00:00:00.0  2007-01-31 23:59:59.0  TV020
TV021  XY   28.344159   -16.613132   1400.0  2007-01-01 00:00:00.0  2007-01-31 23:59:59.0  TV021
TV022  XY   28.330533   -16.615976   1541.0  2007-01-01 00:00:00.0  2007-01-31 23:59:59.0  TV022
TV023  XY   28.342653   -16.582139   1260.0  2007-01-01 00:00:00.0  2007-01-31 23:59:59.0  TV023
TV024  XY   28.351846   -16.543927   1093.0  2007-01-01 00:00:00.0  2007-01-31 23:59:59.0  TV024
TV025  XY   28.316838   -16.608712   1944.0  2007-01-01 00:00:00.0  2007-01-31 23:59:59.0  TV025
TV026  XY   28.347598   -16.504059   1439.0  2007-01-01 00:00:00.0  2007-01-31 23:59:59.0  TV026
TV027  XY   28.336880   -16.505326   1770.0  2007-01-01 00:00:00.0  2007-01-31 23:59:59.0  TV027
TV028  XY   28.306926   -16.520007   2204.0  2007-01-01 00:00:00.0  2007-01-31 23:59:59.0  TV028
TV029  XY   28.349062   -16.473342   1803.0  2007-01-01 00:00:00.0  2007-01-31 23:59:59.0  TV029
TV030  XY   28.313493   -16.485008   1914.0  2007-01-01 00:00:00.0  2007-01-31 23:59:59.0  TV030
TV031  XY   28.271435   -16.496667   1773.0  2007-01-01 00:00:00.0  2007-01-31 23:59:59.0  TV031
TV032  XY   28.287316   -16.540008   2321.0  2007-01-01 00:00:00.0  2007-01-31 23:59:59.0  TV032
TV033  XY   28.271195   -16.803398    966.0  2007-01-01 00:00:00.0  2007-01-31 23:59:59.0  TV033
TV034  XY   28.261571   -16.490006   1469.0  2007-01-01 00:00:00.0  2007-01-31 23:59:59.0  TV034
TV035  XY   28.246523   -16.522982   1803.0  2007-01-01 00:00:00.0  2007-01-31 23:59:59.0  TV035
TV036  XY   28.214583   -16.531087   1362.0  2007-01-01 00:00:00.0  2007-01-31 23:59:59.0  TV036
TV037  XY   28.214505   -16.490768    871.0  2007-01-01 00:00:00.0  2007-01-31 23:59:59.0  TV037
TV038  XY   28.169887   -16.619941   1663.0  2007-01-01 00:00:00.0  2007-01-31 23:59:59.0  TV038
TV039  XY   28.189781   -16.563849   1392.0  2007-01-01 00:00:00.0  2007-01-31 23:59:59.0  TV039
TV040  XY   28.207470   -16.540786   1347.0  2007-01-01 00:00:00.0  2007-01-31 23:59:59.0  TV040
TV041  XY   28.171266   -16.523442    701.0  2007-01-01 00:00:00.0  2007-01-31 23:59:59.0  TV041
TV042  XY   28.149606   -16.551524    724.0  2007-01-01 00:00:00.0  2007-01-31 23:59:59.0  TV042
TV043  XY   28.128614   -16.598562    853.0  2007-01-01 00:00:00.0  2007-01-31 23:59:59.0  TV043
TV044  XY   28.025740   -16.623544     38.0  2007-01-01 00:00:00.0  2007-01-31 23:59:59.0  TV044
TV045  XY   28.041962   -16.620970    100.0  2007-01-01 00:00:00.0  2007-01-31 23:59:59.0  TV045
TV046  XY   28.072784   -16.628148    283.0  2007-01-01 00:00:00.0  2007-01-31 23:59:59.0  TV046
TV047  XY   28.096957   -16.625174    611.0  2007-01-01 00:00:00.0  2007-01-31 23:59:59.0  TV047
TV048  XY   28.116880   -16.626238    913.0  2007-01-01 00:00:00.0  2007-01-31 23:59:59.0  TV048
TV049  XY   28.125126   -16.625009   1007.0  2007-01-01 00:00:00.0  2007-01-31 23:59:59.0  TV049
TV050  XY   28.149325   -16.627797   1311.0  2007-01-01 00:00:00.0  2007-01-31 23:59:59.0  TV050
TV051  XY   28.170119   -16.626289   1656.0  2007-01-01 00:00:00.0  2007-01-31 23:59:59.0  TV051
TV052  XY   28.184040   -16.626673   1929.0  2007-01-01 00:00:00.0  2007-01-31 23:59:59.0  TV052
TV053  XY   28.179460   -16.656772   1950.0  2007-01-01 00:00:00.0  2007-01-31 23:59:59.0  TV053
TV054  XY   28.136341   -16.693126    999.0  2007-01-01 00:00:00.0  2007-01-31 23:59:59.0  TV054
TV055  XY   28.188152   -16.701154   1612.0  2007-01-01 00:00:00.0  2007-01-31 23:59:59.0  TV055
TV056  XY   28.184267   -16.752987    784.0  2007-01-01 00:00:00.0  2007-01-31 23:59:59.0  TV056
TV057  XY   28.222704   -16.695710   2081.0  2007-01-01 00:00:00.0  2007-01-31 23:59:59.0  TV057
TV058  XY   28.237287   -16.760008   1156.0  2007-01-01 00:00:00.0  2007-01-31 23:59:59.0  TV058
TV059  XY   28.255535   -16.716043   1951.0  2007-01-01 00:00:00.0  2007-01-31 23:59:59.0  TV059
TV060  XY   28.243815   -16.799320    708.0  2007-01-01 00:00:00.0  2007-01-31 23:59:59.0  TV060
TV061  XY   28.270675   -16.641382   3446.0  2007-01-01 00:00:00.0  2007-01-31 23:59:59.0  TV061
TV062  XY   28.271820   -16.605007   2470.0  2007-01-01 00:00:00.0  2007-01-31 23:59:59.0  TV062
TV063  XY   28.265348   -16.547235   2196.0  2007-01-01 00:00:00.0  2007-01-31 23:59:59.0  TV063
TV064  XY   28.268160   -16.582995   2280.0  2007-01-01 00:00:00.0  2007-01-31 23:59:59.0  TV064
TV065  XY   28.280266   -16.566301   2134.0  2007-01-01 00:00:00.0  2007-01-31 23:59:59.0  TV065
TV066  XY   28.272232   -16.560159   2097.0  2007-01-01 00:00:00.0  2007-01-31 23:59:59.0  TV066
TV067  XY   28.271702   -16.544064   2229.0  2007-01-01 00:00:00.0  2007-01-31 23:59:59.0  TV067
TV068  XY   28.270393   -16.515002   2107.0  2007-01-01 00:00:00.0  2007-01-31 23:59:59.0  TV068
TV069  XY   28.275402   -16.607426   2479.0  2007-01-01 00:00:00.0  2007-01-31 23:59:59.0  TV069
TV070  XY   28.255019   -16.626863   2431.0  2007-01-01 00:00:00.0  2007-01-31 23:59:59.0  TV070
TV071  XY   28.242665   -16.629050   2233.0  2007-01-01 00:00:00.0  2007-01-31 23:59:59.0  TV071
TV072  XY   28.226537   -16.626767   2141.0  2007-01-01 00:00:00.0  2007-01-31 23:59:59.0  TV072
TV073  XY   28.218661   -16.626566   2125.0  2007-01-01 00:00:00.0  2007-01-31 23:59:59.0  TV073
TV074  XY   28.309224   -16.670833   1534.0  2007-01-01 00:00:00.0  2007-01-31 23:59:59.0  TV074
TV075  XY   28.284508   -16.760427   1485.0  2007-01-01 00:00:00.0  2007-01-31 23:59:59.0  TV075
TV076  XY   28.328126   -16.611176   1673.0  2007-01-01 00:00:00.0  2007-01-31 23:59:59.0  TV076
TV077  XY   28.326832   -16.649272   1303.0  2007-01-01 00:00:00.0  2007-01-31 23:59:59.0  TV077
TV078  XY   28.292407   -16.619458   2331.0  2007-01-01 00:00:00.0  2007-01-31 23:59:59.0  TV078
TV079  XY   28.278233   -16.587568   2271.0  2007-01-01 00:00:00.0  2007-01-31 23:59:59.0  TV079
TV080  XY   28.302166   -16.552438   2184.0  2007-01-01 00:00:00.0  2007-01-31 23:59:59.0  TV080
TV081  XY   28.255113   -16.560001   2078.0  2007-01-01 00:00:00.0  2007-01-31 23:59:59.0  TV081
TV082  XY   28.253669   -16.580375   2150.0  2007-01-01 00:00:00.0  2007-01-31 23:59:59.0  TV082
TV083  XY   28.226852   -16.610101   2249.0  2007-01-01 00:00:00.0  2007-01-31 23:59:59.0  TV083
TV084  XY   28.243403   -16.612439   2215.0  2007-01-01 00:00:00.0  2007-01-31 23:59:59.0  TV084
TV085  XY   28.219540   -16.639101   2013.0  2007-01-01 00:00:00.0  2007-01-31 23:59:59.0  TV085
TV086  XY   28.213207   -16.674715   2108.0  2007-01-01 00:00:00.0  2007-01-31 23:59:59.0  TV086
TV087  XY   28.237871   -16.672522   2205.0  2007-01-01 00:00:00.0  2007-01-31 23:59:59.0  TV087
TV088  XY   28.264258   -16.662323   3052.0  2007-01-01 00:00:00.0  2007-01-31 23:59:59.0  TV088
TV089  XY   28.319050   -16.702356   1339.0  2007-01-01 00:00:00.0  2007-01-31 23:59:59.0  TV089
TV090  XY   28.300704   -16.491672   2100.0  2007-01-01 00:00:00.0  2007-01-31 23:59:59.0  TV090
TV091  XY   28.233595   -16.586836   2226.0  2007-01-01 00:00:00.0  2007-01-31 23:59:59.0  TV091
